0 info it worked if it ends with ok
1 verbose cli [ '/Users/mehri/.nvm/versions/node/v7.0.0/bin/node',
1 verbose cli   '/Users/mehri/.nvm/versions/node/v7.0.0/bin/npm',
1 verbose cli   'install',
1 verbose cli   'ui-router@1.0.0-beta.3',
1 verbose cli   '--save' ]
2 info using npm@3.10.8
3 info using node@v7.0.0
4 silly loadCurrentTree Starting
5 silly install loadCurrentTree
6 silly install readLocalPackageData
7 silly fetchPackageMetaData ui-router@1.0.0-beta.3
8 silly fetchNamedPackageData ui-router
9 silly mapToRegistry name ui-router
10 silly mapToRegistry using default registry
11 silly mapToRegistry registry https://registry.npmjs.org/
12 silly mapToRegistry data Result {
12 silly mapToRegistry   raw: 'ui-router',
12 silly mapToRegistry   scope: null,
12 silly mapToRegistry   escapedName: 'ui-router',
12 silly mapToRegistry   name: 'ui-router',
12 silly mapToRegistry   rawSpec: '',
12 silly mapToRegistry   spec: 'latest',
12 silly mapToRegistry   type: 'tag' }
13 silly mapToRegistry uri https://registry.npmjs.org/ui-router
14 verbose request uri https://registry.npmjs.org/ui-router
15 verbose request no auth needed
16 info attempt registry request try #1 at 4:55:59 PM
17 verbose request id 3ea769cf122acb85
18 verbose etag W/"580540f4-3d2a"
19 verbose lastModified Mon, 17 Oct 2016 21:21:56 GMT
20 http request GET https://registry.npmjs.org/ui-router
21 http 304 https://registry.npmjs.org/ui-router
22 verbose headers { date: 'Mon, 30 Jan 2017 23:55:59 GMT',
22 verbose headers   via: '1.1 varnish',
22 verbose headers   'cache-control': 'max-age=300',
22 verbose headers   etag: 'W/"580540f4-3d2a"',
22 verbose headers   age: '0',
22 verbose headers   connection: 'keep-alive',
22 verbose headers   'x-served-by': 'cache-den6020-DEN',
22 verbose headers   'x-cache': 'MISS',
22 verbose headers   'x-cache-hits': '0',
22 verbose headers   'x-timer': 'S1485820559.660825,VS0,VE65',
22 verbose headers   vary: 'Accept-Encoding' }
23 silly get cb [ 304,
23 silly get   { date: 'Mon, 30 Jan 2017 23:55:59 GMT',
23 silly get     via: '1.1 varnish',
23 silly get     'cache-control': 'max-age=300',
23 silly get     etag: 'W/"580540f4-3d2a"',
23 silly get     age: '0',
23 silly get     connection: 'keep-alive',
23 silly get     'x-served-by': 'cache-den6020-DEN',
23 silly get     'x-cache': 'MISS',
23 silly get     'x-cache-hits': '0',
23 silly get     'x-timer': 'S1485820559.660825,VS0,VE65',
23 silly get     vary: 'Accept-Encoding' } ]
24 verbose etag https://registry.npmjs.org/ui-router from cache
25 verbose get saving ui-router to /Users/mehri/.npm/registry.npmjs.org/ui-router/.cache.json
26 verbose correctMkdir /Users/mehri/.npm correctMkdir not in flight; initializing
27 silly fetchNamedPackageData No valid target from cache, forcing network
28 verbose request uri https://registry.npmjs.org/ui-router
29 verbose request no auth needed
30 info attempt registry request try #1 at 4:55:59 PM
31 http request GET https://registry.npmjs.org/ui-router
32 http 200 https://registry.npmjs.org/ui-router
33 verbose headers { server: 'nginx/1.10.1',
33 verbose headers   'content-type': 'application/json',
33 verbose headers   'last-modified': 'Mon, 17 Oct 2016 21:21:56 GMT',
33 verbose headers   etag: 'W/"580540f4-3d2a"',
33 verbose headers   'content-encoding': 'gzip',
33 verbose headers   'cache-control': 'max-age=300',
33 verbose headers   'content-length': '4728',
33 verbose headers   'accept-ranges': 'bytes',
33 verbose headers   date: 'Mon, 30 Jan 2017 23:55:59 GMT',
33 verbose headers   via: '1.1 varnish',
33 verbose headers   age: '0',
33 verbose headers   connection: 'keep-alive',
33 verbose headers   'x-served-by': 'cache-den6020-DEN',
33 verbose headers   'x-cache': 'HIT',
33 verbose headers   'x-cache-hits': '1',
33 verbose headers   'x-timer': 'S1485820559.753376,VS0,VE0',
33 verbose headers   vary: 'Accept-Encoding' }
34 silly get cb [ 200,
34 silly get   { server: 'nginx/1.10.1',
34 silly get     'content-type': 'application/json',
34 silly get     'last-modified': 'Mon, 17 Oct 2016 21:21:56 GMT',
34 silly get     etag: 'W/"580540f4-3d2a"',
34 silly get     'content-encoding': 'gzip',
34 silly get     'cache-control': 'max-age=300',
34 silly get     'content-length': '4728',
34 silly get     'accept-ranges': 'bytes',
34 silly get     date: 'Mon, 30 Jan 2017 23:55:59 GMT',
34 silly get     via: '1.1 varnish',
34 silly get     age: '0',
34 silly get     connection: 'keep-alive',
34 silly get     'x-served-by': 'cache-den6020-DEN',
34 silly get     'x-cache': 'HIT',
34 silly get     'x-cache-hits': '1',
34 silly get     'x-timer': 'S1485820559.753376,VS0,VE0',
34 silly get     vary: 'Accept-Encoding' } ]
35 verbose get saving ui-router to /Users/mehri/.npm/registry.npmjs.org/ui-router/.cache.json
36 verbose correctMkdir /Users/mehri/.npm correctMkdir not in flight; initializing
37 silly fetchPackageMetaData Error: No compatible version found: ui-router@1.0.0-beta.3
37 silly fetchPackageMetaData Valid install targets:
37 silly fetchPackageMetaData 1.0.0-alpha0, 1.0.0-alpha.3
37 silly fetchPackageMetaData
37 silly fetchPackageMetaData     at pickVersionFromRegistryDocument (/Users/mehri/.nvm/versions/node/v7.0.0/lib/node_modules/npm/lib/fetch-package-metadata.js:178:16)
37 silly fetchPackageMetaData     at /Users/mehri/.nvm/versions/node/v7.0.0/lib/node_modules/npm/node_modules/iferr/index.js:13:50
37 silly fetchPackageMetaData     at /Users/mehri/.nvm/versions/node/v7.0.0/lib/node_modules/npm/lib/utils/pulse-till-done.js:20:8
37 silly fetchPackageMetaData     at saved (/Users/mehri/.nvm/versions/node/v7.0.0/lib/node_modules/npm/lib/cache/caching-client.js:174:7)
37 silly fetchPackageMetaData     at /Users/mehri/.nvm/versions/node/v7.0.0/lib/node_modules/npm/node_modules/graceful-fs/polyfills.js:233:18
37 silly fetchPackageMetaData     at FSReqWrap.oncomplete (fs.js:111:15)
37 silly fetchPackageMetaData  error for ui-router@1.0.0-beta.3 { Error: No compatible version found: ui-router@1.0.0-beta.3
37 silly fetchPackageMetaData Valid install targets:
37 silly fetchPackageMetaData 1.0.0-alpha0, 1.0.0-alpha.3
37 silly fetchPackageMetaData
37 silly fetchPackageMetaData     at pickVersionFromRegistryDocument (/Users/mehri/.nvm/versions/node/v7.0.0/lib/node_modules/npm/lib/fetch-package-metadata.js:178:16)
37 silly fetchPackageMetaData     at /Users/mehri/.nvm/versions/node/v7.0.0/lib/node_modules/npm/node_modules/iferr/index.js:13:50
37 silly fetchPackageMetaData     at /Users/mehri/.nvm/versions/node/v7.0.0/lib/node_modules/npm/lib/utils/pulse-till-done.js:20:8
37 silly fetchPackageMetaData     at saved (/Users/mehri/.nvm/versions/node/v7.0.0/lib/node_modules/npm/lib/cache/caching-client.js:174:7)
37 silly fetchPackageMetaData     at /Users/mehri/.nvm/versions/node/v7.0.0/lib/node_modules/npm/node_modules/graceful-fs/polyfills.js:233:18
37 silly fetchPackageMetaData     at FSReqWrap.oncomplete (fs.js:111:15) code: 'ETARGET' }
38 silly rollbackFailedOptional Starting
39 silly rollbackFailedOptional Finishing
40 silly runTopLevelLifecycles Finishing
41 silly install printInstalled
42 verbose stack Error: No compatible version found: ui-router@1.0.0-beta.3
42 verbose stack Valid install targets:
42 verbose stack 1.0.0-alpha0, 1.0.0-alpha.3
42 verbose stack
42 verbose stack     at pickVersionFromRegistryDocument (/Users/mehri/.nvm/versions/node/v7.0.0/lib/node_modules/npm/lib/fetch-package-metadata.js:178:16)
42 verbose stack     at /Users/mehri/.nvm/versions/node/v7.0.0/lib/node_modules/npm/node_modules/iferr/index.js:13:50
42 verbose stack     at /Users/mehri/.nvm/versions/node/v7.0.0/lib/node_modules/npm/lib/utils/pulse-till-done.js:20:8
42 verbose stack     at saved (/Users/mehri/.nvm/versions/node/v7.0.0/lib/node_modules/npm/lib/cache/caching-client.js:174:7)
42 verbose stack     at /Users/mehri/.nvm/versions/node/v7.0.0/lib/node_modules/npm/node_modules/graceful-fs/polyfills.js:233:18
42 verbose stack     at FSReqWrap.oncomplete (fs.js:111:15)
43 verbose cwd /Users/mehri/Documents/q3/Q3-Assessment/Galvanize_Classified_2
44 error Darwin 15.6.0
45 error argv "/Users/mehri/.nvm/versions/node/v7.0.0/bin/node" "/Users/mehri/.nvm/versions/node/v7.0.0/bin/npm" "install" "ui-router@1.0.0-beta.3" "--save"
46 error node v7.0.0
47 error npm  v3.10.8
48 error code ETARGET
49 error notarget No compatible version found: ui-router@1.0.0-beta.3
49 error notarget Valid install targets:
49 error notarget 1.0.0-alpha0, 1.0.0-alpha.3
50 error notarget This is most likely not a problem with npm itself.
50 error notarget In most cases you or one of your dependencies are requesting
50 error notarget a package version that doesn't exist.
51 verbose exit [ 1, true ]
